C51 COMPILER V9.56.0.0   MAIN                                                              04/09/2017 22:04:50 PAGE 1   


C51 COMPILER V9.56.0.0, COMPILATION OF MODULE MAIN
OBJECT MODULE PLACED IN .\Objects\main.obj
COMPILER INVOKED BY: D:\Program Files (x86)\MDK5\C51\BIN\C51.EXE main.c OPTIMIZE(8,SPEED) BROWSE DEBUG OBJECTEXTEND PRIN
                    -T(.\Listings\main.lst) TABS(2) OBJECT(.\Objects\main.obj)

line level    source

   1          #include "usart.h"
   2          
   3          //  u8 *p=NULL;
   4          u8 xdata q[]="a500FF\r\n";  //…Ë±∏∫≈ a5
   5          u8 xdata event[14];   
   6          u8 xdata form[7];  //◊‘º∫…œ––µƒ¬∑”…±Ì
   7          code unsigned char event_zw[14]={0xF3,'a','5','a','5',0xF3,1,0xF6,0xF6,0xF6,0xF6,0xF6,0xFC,0};//◊ÈÕ¯…Í«Î÷∏
             -¡Ó
   8          
   9          bit zw_success;   //◊ÈÕ¯≥…π¶÷∏¡Ó
  10          bit flag_back ;  // «∑Ò”–Œ¥¥¶¿Ìµƒ–≈œ¢
  11          void Init_9600();
  12          void Init_115200();
  13          
  14          code u8 air_meidi[]={0x02,0x00,0x38,0x08,0x32,0};
  15          code u8 air_close[]={0x04,0x00,0x08,0x08,0x04,0};
  16          code u8 air_open[]={0x04,0xff,0x08,0x08,0xfb,0};
  17          code u8 air_31[]={0x06,0x10,0x08,0x08,0x16,0};
  18          code u8 air_17[]={0x06,0x1e,0x08,0x08,0x18,0};
  19          
  20          void main()
  21          {
  22   1        flag_back = 0; 
  23   1      //  START:
  24   1        USART_Init(); 
  25   1        event[14]=0;  form[7]=0; 
  26   1            
  27   1                                                                /*
  28   1      //strcpy(event,event_zw);   
  29   1        if (sendCommand(event_zw, "a5FF") == Success);
  30   1        else goto START;  //÷ÿ∆Ù
  31   1      //  delay_ms(10);                             
  32   1        while(counter1<300)  //µ»¥˝1∑÷÷”
  33   1        {  
  34   1          if(KIND==4){ 
  35   1            if(point2>11&&Rec_Buf[point2-12]==0xf4&&(Rec_Buf[point2-12+6]==12||Rec_Buf[point2-12+Rec_Buf[point2-12+
             -6]]==0xf6)){
  36   1                if(Rec_Buf[point2-12+3]=='a'&&Rec_Buf[point2-12+4]=='5'){   // ‹µΩ◊‹ª˙∑¢ÀÕµƒ◊ÈÕ¯Õ¨“‚÷∏¡Ó
  37   1                    Rec_Buf[point2]=0;
  38   1                    strcpy(form,Rec_Buf+point2-12+6);   //»°≥ˆ¬∑”…±Ì
  39   1                    q[2]=Rec_Buf[point2-12+1];
  40   1                    q[3]=Rec_Buf[point2-12+2];
  41   1                    CLR_Buf();
  42   1                    SendString(q+2);     //∑µªÿ±Í ∂  …Ë±∏∫≈+FF
  43   1                    zw_success=1;       //◊ÈÕ¯≥…π¶
  44   1                    TR0 = 0;   //÷∏ æµ∆≤ª‘Ÿ…¡
  45   1                    LED = 1;   break;
  46   1                } 
  47   1            } 
  48   1          }  
  49   1        }  
  50   1        if(zw_success==0) goto START;  //÷ÿ∆Ù  
  51   1        
  52   1         if(flag_back!=0){
C51 COMPILER V9.56.0.0   MAIN                                                              04/09/2017 22:04:50 PAGE 2   

  53   1          if (sendCommand(event, "a5FF") == Success);
  54   1           else goto START;  //÷ÿ∆Ù
  55   1          flag_back = 0;
  56   1          CLR_Buf();
  57   1        }                                                          */
  58   1         
  59   1        SendString(air_meidi); delay_ms(50); //»∑∂®ø’µ˜–Õ∫≈  
  60   1                                                                 
  61   1           while(1)
  62   1        {
  63   2          switch(KIND){
  64   3            case 2:  // ’µΩœ¬––÷∏¡Ó
  65   3      //      if(zw_success==0) break;
  66   3              if(point2>11&&Rec_Buf[point2-12]==0xf2&&Rec_Buf[point2-12+5]=='a'&&Rec_Buf[point2-12+5]=='5'\
  67   4                &&(Rec_Buf[point2-12+6]==12||Rec_Buf[point2-12+Rec_Buf[point2-12+6]]==0xf6)){
  68   4                  
  69   4                  q[2]=Rec_Buf[point2-12+1];
  70   4                  q[3]=Rec_Buf[point2-12+2];
  71   4                  SendString(q+2);  //∑µªÿ±Í ∂  …Ë±∏∫≈+FF
  72   4                
  73   4                  Init_9600();
  74   4                
  75   4                  switch(Rec_Buf[point2-12+5]){
  76   5                  case 1:   SendString(air_open);    break;
  77   5                  case 2:   SendString(air_close);    break;
  78   5                  case 3:   SendString(air_17);    break;
  79   5                  case 4:   SendString(air_31);    break;
  80   5                  case 5:   SendString(air_open);    break;
  81   5                  }
  82   4                  CLR_Buf();
  83   4                  Init_115200();
  84   4              }     
  85   3            KIND = 0;
  86   3            break;  
  87   3              
  88   3            case 4:  // ’µΩ◊ÈÕ¯œ¬––÷∏¡Ó
  89   3          
  90   3            if(point2>11&&Rec_Buf[point2-12]==0xf4){
  91   4                if(Rec_Buf[point2-12+3]=='a'&&Rec_Buf[point2-12+4]=='5'\
  92   5                  &&(Rec_Buf[point2-12+6]==12||Rec_Buf[point2-12+Rec_Buf[point2-12+6]]==0xf6)){      // ‹µΩ◊‹ª˙∑¢ÀÕµƒ◊
             -ÈÕ¯Õ¨“‚÷∏¡Ó
  93   5                    Rec_Buf[point2]=0;
  94   5                    strcpy(form,Rec_Buf+point2-12+6);   //»°≥ˆ¬∑”…±Ì
  95   5                    q[2]=Rec_Buf[point2-12+1];
  96   5                    q[3]=Rec_Buf[point2-12+2];
  97   5                    SendString(q+2);     //∑µªÿ±Í ∂  …Ë±∏∫≈+FF
  98   5                    zw_success=1;       //◊ÈÕ¯≥…π¶
  99   5                    TR0 = 0;   //÷∏ æµ∆≤ª‘Ÿ…¡
 100   5                    LED = 1;
 101   5                } 
 102   4            } 
 103   3          
 104   3            KIND = 0;
 105   3            break;        
 106   3            
 107   3            case 5:  //≤‚ ‘÷∏¡Ó
 108   3      //    if(zw_success==0) break;
 109   3              
 110   3            KIND = 0;
 111   3            break;  
 112   3          }
 113   2        }
C51 COMPILER V9.56.0.0   MAIN                                                              04/09/2017 22:04:50 PAGE 3   

 114   1      }
 115          
 116          void Init_115200()
 117          {
 118   1        ES=0;
 119   1        ACC = P_SW1;
 120   1        ACC &= ~(S1_S0|S1_S1);
 121   1        ACC |= S1_S0;   //  ¥Æø⁄“ª…ËŒ™   P3.6RXD P3.7TXD
 122   1        P_SW1 = ACC;
 123   1        
 124   1        SCON=0x50;
 125   1        T2L=(65536-(FOSC/4/BAUD));
 126   1        T2H=(65536-(FOSC/4/BAUD))>>8;
 127   1        AUXR=0X14;                        //
 128   1        AUXR|=0X01;
 129   1        ES=1;
 130   1      }
 131          
 132          void Init_9600()
 133          {
 134   1        ES=0;
 135   1        ACC = P_SW1;
 136   1        ACC &= ~(S1_S0|S1_S1);   //  ¥Æø⁄“ª…ËŒ™   P3.0RXD P3.1TXD
 137   1        P_SW1 = ACC;
 138   1        
 139   1        SCON=0x50;
 140   1        T2L=(65536-(FOSC/4/9600));
 141   1        T2H=(65536-(FOSC/4/9600))>>8;
 142   1        AUXR=0X14;                        //
 143   1        AUXR|=0X01;
 144   1        ES=1;
 145   1      }
 146          


MODULE INFORMATION:   STATIC OVERLAYABLE
   CODE SIZE        =    521    ----
   CONSTANT SIZE    =     44    ----
   XDATA SIZE       =     30    ----
   PDATA SIZE       =   ----    ----
   DATA SIZE        =   ----    ----
   IDATA SIZE       =   ----    ----
   BIT SIZE         =      2    ----
END OF MODULE INFORMATION.


C51 COMPILATION COMPLETE.  0 WARNING(S),  0 ERROR(S)
