C51 COMPILER V9.56.0.0   MAIN                                                              04/19/2017 21:55:55 PAGE 1   


C51 COMPILER V9.56.0.0, COMPILATION OF MODULE MAIN
OBJECT MODULE PLACED IN .\Objects\main.obj
COMPILER INVOKED BY: D:\Program Files (x86)\MDK5\C51\BIN\C51.EXE main.c OPTIMIZE(8,SPEED) BROWSE DEBUG OBJECTEXTEND PRIN
                    -T(.\Listings\main.lst) TABS(2) OBJECT(.\Objects\main.obj)

line level    source

   1          #include "usart.h"
   2          
   3          //  u8 *p=NULL;
   4          u8 xdata q[]="a400FF\r\n";  //设备号 00
   5          u8 xdata event[14];   
   6          u8 xdata form[7];  //自己上行的路由表
   7          code unsigned char event_zw[14]={0xF3,'a','4','a','4',0xF3,6,0xF6,0xF6,0xF6,0xF6,0xF6,0xFC,0};//组网申请指
             -令
   8          
   9          bit zw_success;   //组网成功指令
  10          bit flag_back ;  //是否有未处理的信息
  11          
  12          void main()
  13          {
  14   1        flag_back = 0; 
  15   1        START:
  16   1        USART_Init(); 
  17   1        event[14]=0;  form[7]=0; 
  18   1      
  19   1       
  20   1      //strcpy(event,event_zw);   
  21   1        if (sendCommand(event_zw, "a4FF") == Success);
  22   1        else goto START;  //重启
  23   1      //  delay_ms(10);                             
  24   1        while(counter1<300)  //等待1分钟
  25   1        {  
  26   2          if(KIND==4){ 
  27   3            if(point2>11&&Rec_Buf[point2-12]==0xf4\
  28   4                &&(Rec_Buf[point2-12+6]==12||Rec_Buf[point2-12+Rec_Buf[point2-12+6]]==0xf6)){
  29   4                if(Rec_Buf[point2-12+3]=='a'&&Rec_Buf[point2-12+4]=='4'){   //受到总机发送的组网同意指令
  30   5                    Rec_Buf[point2]=0;
  31   5                    strcpy(form,Rec_Buf+point2-12+6);   //取出路由表
  32   5                    q[2]=Rec_Buf[point2-12+1];
  33   5                    q[3]=Rec_Buf[point2-12+2];
  34   5                    CLR_Buf();
  35   5                    SendString(q+2);     //返回标识  设备号+FF
  36   5                    zw_success=1;       //组网成功
  37   5                    TR0 = 0;   //指示灯不再闪
  38   5                    LED = 1;   break;
  39   5                } 
  40   4            } 
  41   3          }  
  42   2        }  
  43   1        if(zw_success==0) goto START;  //重启  
  44   1        
  45   1         if(flag_back!=0){
  46   2          if (sendCommand(event, "a4FF") == Success);
  47   2           else goto START;  //重启
  48   2          flag_back = 0;
  49   2          CLR_Buf();
  50   2        } 
  51   1      
  52   1           while(1)
  53   1        {
C51 COMPILER V9.56.0.0   MAIN                                                              04/19/2017 21:55:55 PAGE 2   

  54   2          switch(KIND){
  55   3            case 2:  //收到下行指令
  56   3      //      if(zw_success==0) break;
  57   3              if(point2>11&&Rec_Buf[point2-12]==0xf2&&Rec_Buf[point2-12+3]=='a'&&Rec_Buf[point2-12+4]=='4'\
  58   4                  &&(Rec_Buf[point2-12+6]==12||Rec_Buf[point2-12+Rec_Buf[point2-12+6]]==0xf6)){
  59   4                  
  60   4                  q[2]=Rec_Buf[point2-12+1];
  61   4                  q[3]=Rec_Buf[point2-12+2];
  62   4                  SendString(q+2);  //返回标识  设备号+FF
  63   4                
  64   4                  if(Rec_Buf[point2-12+5]==1){
  65   5                    pwm=0;low=1;  // 开灯
  66   5                  } else if(Rec_Buf[point2-12+5]==2){
  67   5                    pwm=1;high=1;  //关灯
  68   5                  } 
  69   4                  CLR_Buf();
  70   4              }     
  71   3            KIND = 0;
  72   3            break;  
  73   3              
  74   3            case 4:  //收到组网下行指令
  75   3          
  76   3            if(point2>11&&Rec_Buf[point2-12]==0xf4\
  77   4                &&(Rec_Buf[point2-12+6]==12||Rec_Buf[point2-12+Rec_Buf[point2-12+6]]==0xf6)){
  78   4                if(Rec_Buf[point2-12+3]=='a'&&Rec_Buf[point2-12+4]=='4'){      //受到总机发送的组网同意指令
  79   5                    Rec_Buf[point2]=0;
  80   5                    strcpy(form,Rec_Buf+point2-12+6);   //取出路由表
  81   5                    q[2]=Rec_Buf[point2-12+1];
  82   5                    q[3]=Rec_Buf[point2-12+2];
  83   5                    SendString(q+2);     //返回标识  设备号+FF
  84   5                    zw_success=1;       //组网成功
  85   5                    TR0 = 0;   //指示灯不再闪
  86   5                    LED = 1;
  87   5                } 
  88   4            } 
  89   3          
  90   3            KIND = 0;
  91   3            break;        
  92   3            
  93   3            case 5:  //测试指令
  94   3      //    if(zw_success==0) break;
  95   3              
  96   3            KIND = 0;
  97   3            break;  
  98   3          }
  99   2          if(low==1){
 100   3            low=0;
 101   3            strcpy(event,event_zw); 
 102   3            event[5] = 1;     //有人开灯
 103   3            event[6] = 0;
 104   3            strcat(event,form);  //粘贴进去路由表
 105   3            event[6]--;
 106   3            event[12]=0xFE;
 107   3            event[0]=0xF1;       //转换成上行指令
 108   3            if (sendCommand(event, "a4FF") == Success);
 109   3            else { 
 110   4               flag_back=1;
 111   4               goto START; 
 112   4            }
 113   3            CLR_Buf();
 114   3          } else if(high==1){
 115   3            high=0;
C51 COMPILER V9.56.0.0   MAIN                                                              04/19/2017 21:55:55 PAGE 3   

 116   3            strcpy(event,event_zw); 
 117   3            event[5] = 2;     //有人关灯
 118   3            event[6] = 0;
 119   3            strcat(event,form);  //粘贴进去路由表
 120   3            event[6]--;
 121   3            event[12]=0xFE;
 122   3            event[0]=0xF1;       //转换成上行指令
 123   3            if (sendCommand(event, "a4FF") == Success);
 124   3            else { 
 125   4               flag_back=1;
 126   4               goto START; 
 127   4            }
 128   3            CLR_Buf();
 129   3          } 
 130   2        }
 131   1      }
 132          


MODULE INFORMATION:   STATIC OVERLAYABLE
   CODE SIZE        =    873    ----
   CONSTANT SIZE    =     19    ----
   XDATA SIZE       =     30    ----
   PDATA SIZE       =   ----    ----
   DATA SIZE        =   ----    ----
   IDATA SIZE       =   ----    ----
   BIT SIZE         =      2    ----
END OF MODULE INFORMATION.


C51 COMPILATION COMPLETE.  0 WARNING(S),  0 ERROR(S)
