C51 COMPILER V9.56.0.0   USART                                                             04/19/2017 21:55:55 PAGE 1   


C51 COMPILER V9.56.0.0, COMPILATION OF MODULE USART
OBJECT MODULE PLACED IN .\Objects\usart.obj
COMPILER INVOKED BY: D:\Program Files (x86)\MDK5\C51\BIN\C51.EXE usart.c OPTIMIZE(8,SPEED) BROWSE DEBUG OBJECTEXTEND PRI
                    -NT(.\Listings\usart.lst) TABS(2) OBJECT(.\Objects\usart.obj)

line level    source

   1          #include "usart.h"
   2          
   3          #define Uart1_Buf_Max 100               //串口数据缓存长度
   4          u8 xdata Rec_Buf[Uart1_Buf_Max];     //串口数据缓存
   5          //u8 xdata  Flag[]="X";   //标志位数据数据
   6          u8 point1 = 0;                          //缓存指针
   7          bit busy;
   8          u8 point2 = 0;
   9          u8 xdata KIND = 0;
  10          
  11          u8 counter;
  12          WORD counter1;
  13          
  14          bit high,low;
  15          
  16          void USART_Init()
  17          {
  18   1        ACC = P_SW1;
  19   1        ACC &= ~(S1_S0|S1_S1);
  20   1        ACC |= S1_S0;   //  串口一设为   P3.6RXD P3.7TXD
  21   1        P_SW1 = ACC;
  22   1        
  23   1          SCON=0x50;
  24   1          T2L=(65536-(FOSC/4/BAUD));
  25   1          T2H=(65536-(FOSC/4/BAUD))>>8;
  26   1          AUXR=0X14;                        //
  27   1          AUXR|=0X01;
  28   1          ES=1;
  29   1          EA=1;
  30   1        
  31   1          TMOD = 0x01;           //定时器 0  
  32   1          IE   |= 0x82;
  33   1          TH0  = 0xc4;
  34   1          TL0  = 0x00;           //  18.432m晶振  ,10ms
  35   1          TR0=1;  
  36   1        
  37   1          counter1=0;
  38   1          zw_success=0;
  39   1       } 
  40          
  41          void Time0_Int() interrupt 1 //定时器0中断程序
  42          {
  43   1          TH0  = 0xc4;             //重新赋值
  44   1          TL0  = 0x00;
  45   1          counter++;
  46   1          if(counter==20){      //400ms  闪一次
  47   2            LED = ~LED;
  48   2            counter = 0;
  49   2            counter1++;
  50   2          }
  51   1      }
  52           
  53          void Uart() interrupt 4 using 1
  54          {
C51 COMPILER V9.56.0.0   USART                                                             04/19/2017 21:55:55 PAGE 2   

  55   1        ES=0;
  56   1          if (RI) {
  57   2              RI=0;
  58   2              Rec_Buf[point1] = SBUF; 
  59   2          switch(Rec_Buf[point1]){         //判断出遇到的指令种类  并用point2记录终止在缓存数组的位置    
  60   3            case 0xFE:  //收到上行指令
  61   3            point2=point1;  
  62   3            KIND = 1;
  63   3            break;  
  64   3            
  65   3            case 0xFD:  //收到下行指令
  66   3            point2=point1;  
  67   3            KIND = 2;
  68   3            break;  
  69   3            
  70   3            case 0xFC:  //收到组网上行指令
  71   3            point2=point1;  
  72   3            KIND = 3;
  73   3            break;  
  74   3            
  75   3            case 0xFB:  //收到组网下行指令
  76   3            point2=point1;  
  77   3            KIND = 4;
  78   3            break;  
  79   3            
  80   3            case 0xFA:  //测试指令
  81   3            point2=point1;  
  82   3            KIND = 5;
  83   3            break;  
  84   3            
  85   3            case 0xF8:  //
  86   3            pwm=1;high=1;
  87   3            break;
  88   3            
  89   3            case 0xF9:  //
  90   3            pwm=0;low=1;
  91   3            break;
  92   3          }     
  93   2              point1++;               
  94   2              if(point1>=Uart1_Buf_Max-1)          
  95   2              {
  96   3                point1 = 0;
  97   3              } 
  98   2        }
  99   1           if(TI)
 100   1           {
 101   2             TI=0;
 102   2             busy=0;
 103   2           }
 104   1        ES=1;
 105   1      }
 106          
 107          void SendData(BYTE dat)
 108          {
 109   1        while(busy);
 110   1          ACC=dat;
 111   1          busy=1;
 112   1          SBUF=ACC;
 113   1      }
 114          
 115          void SendString(char*s)
 116           {
C51 COMPILER V9.56.0.0   USART                                                             04/19/2017 21:55:55 PAGE 3   

 117   1           while (*s)
 118   1           {
 119   2                 SendData(*s++);
 120   2        }
 121   1      }
 122           
 123          void CLR_Buf(void)                           // 清除缓存
 124          {
 125   1        memset(Rec_Buf, 0, Uart1_Buf_Max);      //
 126   1      
 127   1          point1 = 0;                    
 128   1      }
 129          
 130          void delay_ms(unsigned int n)
 131          {
 132   1        unsigned int  i,j,m;
 133   1        for(m = 0 ; m < 10 ; m++)
 134   1          for(i=0;i<n;i++)
 135   1            for(j=0;j<123;j++);
 136   1      }
 137          
 138           //   void soft_reset(void)  //重启指令 
 139           //  {
 140           //      ((void (code *) (void)) 0x0000) ();
 141           //  }
 142          
 143          
 144          unsigned int sendCommand(char *Command, char *Response)  //发送标准指令(用退避算法)
 145          {
 146   1        unsigned char n,Time_Cont;
 147   1        CLR_Buf();  KIND = 0;
 148   1        for (n = 0; n <10; n++)
 149   1        {
 150   2          SendString(Command);    //???? 
 151   2          delay_ms(50);
 152   2          Time_Cont = 0;
 153   2          while (Time_Cont < 10)
 154   2          {
 155   3            delay_ms(1);
 156   3            Time_Cont += 1;
 157   3            if (strstr(Rec_Buf, Response) != NULL)
 158   3            {
 159   4              
 160   4        //      CLR_Buf();
 161   4              return Success;
 162   4            }
 163   3            
 164   3          }
 165   2          Time_Cont = 0;
 166   2        }
 167   1        for (; n <16; n++)
 168   1        {
 169   2          delay_ms(rand()%1024*50);   //实现退避
 170   2          SendString(Command);    //发送指令 
 171   2          delay_ms(50);
 172   2          Time_Cont = 0;
 173   2          while (Time_Cont < 10)
 174   2          {
 175   3            delay_ms(1);
 176   3            Time_Cont += 1;
 177   3            if (strstr(Rec_Buf, Response) != NULL)
 178   3            {
C51 COMPILER V9.56.0.0   USART                                                             04/19/2017 21:55:55 PAGE 4   

 179   4              
 180   4        //      CLR_Buf();
 181   4              return Success;
 182   4            }
 183   3            
 184   3          }
 185   2          Time_Cont = 0;
 186   2        }
 187   1        CLR_Buf();
 188   1        return Failure;
 189   1      }


MODULE INFORMATION:   STATIC OVERLAYABLE
   CODE SIZE        =    563    ----
   CONSTANT SIZE    =   ----    ----
   XDATA SIZE       =    101    ----
   PDATA SIZE       =   ----    ----
   DATA SIZE        =      5      11
   IDATA SIZE       =   ----    ----
   BIT SIZE         =      3    ----
END OF MODULE INFORMATION.


C51 COMPILATION COMPLETE.  0 WARNING(S),  0 ERROR(S)
