C51 COMPILER V9.56.0.0   UART                                                              04/18/2017 17:14:57 PAGE 1   


C51 COMPILER V9.56.0.0, COMPILATION OF MODULE UART
OBJECT MODULE PLACED IN uart.OBJ
COMPILER INVOKED BY: D:\Program Files (x86)\MDK5\C51\BIN\C51.EXE uart.c OPTIMIZE(8,SPEED) BROWSE DEBUG OBJECTEXTEND TABS
                    -(2)

line level    source

   1          #include "uart.h"
   2          
   3          #define FOSC 11059200L  //晶振
   4          #define BAUD 115200     //波特率
   5          #define Uart1_Buf_Max 100               //串口数据缓存长度
   6          u8 xdata  Rec_Buf[Uart1_Buf_Max];  //串口数据缓存
   7          u8 point1 = 0;             //绶存指针
   8          u8 point2 = 0;
   9          u8 xdata KIND = 0;
  10          
  11          void Uart_Init()  //115200@11.0592M                  
  12          {
  13   1        PCON &= 0x7F;   //波特率不倍速
  14   1        /*
  15   1        SCON = 0x50;    //8位数据,可变波特率
  16   1        AUXR |= 0x40;   //定时器1时钟为Fosc,即1T
  17   1        AUXR &= 0xFE;   //串口1选择定时器1为波特率发生器
  18   1        TMOD &= 0x0F;   //清除定时器1模式位
  19   1        TMOD |= 0x20;   //设定定时器1为8位自动重装方式
  20   1        TL1 = 0xFD;   //设定定时初值
  21   1        TH1 = 0xFD;   //设定定时器重装值
  22   1        ET1 = 0;    //禁止定时器1中断
  23   1        TR1 = 1;    //启动定时器1
  24   1        EA   = 1;     //打开全局中断控制
  25   1        ES   = 1;     //串行口中断
  26   1       */ 
  27   1        
  28   1          SCON=0x50;
  29   1          T2L=(65536-(FOSC/4/BAUD));
  30   1          T2H=(65536-(FOSC/4/BAUD))>>8;
  31   1          AUXR=0X14;                        //
  32   1          AUXR|=0X01;
  33   1          ES=1;
  34   1          EA=1;
  35   1        
  36   1      }
  37          
  38          
  39          /*----------------------------
  40          发送串口数据
  41          ----------------------------*/
  42          void SendData(unsigned char ch)
  43          {
  44   1          SBUF = ch;                 //写数据到UART数据寄存器
  45   1          while(TI == 0);
  46   1          TI = 0;
  47   1      }
  48          
  49          /*----------------------------
  50          发送字符串
  51          ----------------------------*/
  52          void SendString(char *s)
  53          {
  54   1          while (*s)                  //检测字符串结束标志
C51 COMPILER V9.56.0.0   UART                                                              04/18/2017 17:14:57 PAGE 2   

  55   1          {
  56   2              SendData(*s++);         //发送当前字符
  57   2          }
  58   1      }
  59          
  60          bit Hand(unsigned char *a)                   // 串口命令识别函数
  61          { 
  62   1          if(strstr(Rec_Buf,a)!=NULL)
  63   1            return 1;
  64   1        else
  65   1          return 0;
  66   1      }
  67          
  68          void CLR_Buf(void)                           // 串口缓存清理
  69          {
  70   1        memset(Rec_Buf, 0, Uart1_Buf_Max);      //清空
  71   1      
  72   1          point1 = 0;                    
  73   1      }
  74          
  75          void RECEIVE_DATA(void) interrupt 4 using 1         //串口中断        
  76          {    
  77   1        ES = 0;
  78   1        if (RI)
  79   1          {
  80   2              RI = 0;                                //清除RI位
  81   2          Rec_Buf[point1] = SBUF; 
  82   2      //    if (Rec_Buf[0] == 0xd9)
  83   2      //      {
  84   2      //        IAP_CONTR = 0x60;
  85   2      //      }
  86   2            
  87   2          point1++;               
  88   2          if(point1>=Uart1_Buf_Max)          
  89   2          {
  90   3            point1 = 0;
  91   3          }           
  92   2      
  93   2          }
  94   1        ES =  1;
  95   1      
  96   1      }
  97          
  98          unsigned int sendCommand(char *Command, char *Response)  //发送标准指令(用退避算法)
  99          {
 100   1        unsigned char n,Time_Cont;
 101   1        CLR_Buf();  KIND = 0;
 102   1        for (n = 0; n <10; n++)
 103   1        {
 104   2          SendString(Command);    //???? 
 105   2          delay_ms(50);
 106   2          Time_Cont = 0;
 107   2          while (Time_Cont < 10)
 108   2          {
 109   3            delay_ms(1);
 110   3            Time_Cont += 1;
 111   3            if (strstr(Rec_Buf, Response) != NULL)
 112   3            {
 113   4              
 114   4        //      CLR_Buf();
 115   4              return Success;
 116   4            }
C51 COMPILER V9.56.0.0   UART                                                              04/18/2017 17:14:57 PAGE 3   

 117   3            
 118   3          }
 119   2          Time_Cont = 0;
 120   2        }
 121   1        for (; n <16; n++)
 122   1        {
 123   2          delay_ms(rand()%1024*50);   //实现退避
 124   2          SendString(Command);    //发送指令 
 125   2          delay_ms(50);
 126   2          Time_Cont = 0;
 127   2          while (Time_Cont < 10)
 128   2          {
 129   3            delay_ms(1);
 130   3            Time_Cont += 1;
 131   3            if (strstr(Rec_Buf, Response) != NULL)
 132   3            {
 133   4              
 134   4        //      CLR_Buf();
 135   4              return Success;
 136   4            }
 137   3            
 138   3          }
 139   2          Time_Cont = 0;
 140   2        }
 141   1        CLR_Buf();
 142   1        return Failure;
 143   1      }
 144          
 145          
 146          //****************************************************
 147          //MS延时函数(12M晶振下测试)
 148          //****************************************************
 149          void delay_ms(unsigned int n)
 150          {
 151   1        unsigned int  i,j,m;
 152   1        for(m = 0 ; m < 10 ; m++)
 153   1          for(i=0;i<n;i++)
 154   1            for(j=0;j<123;j++);
 155   1      }
 156          
 157          
 158          
 159          
 160          
 161          
 162          
 163          
 164          
 165          
 166          
 167          
 168          
 169          
 170          
 171          


MODULE INFORMATION:   STATIC OVERLAYABLE
   CODE SIZE        =    399    ----
   CONSTANT SIZE    =   ----    ----
   XDATA SIZE       =    101    ----
   PDATA SIZE       =   ----    ----
C51 COMPILER V9.56.0.0   UART                                                              04/18/2017 17:14:57 PAGE 4   

   DATA SIZE        =      2      14
   IDATA SIZE       =   ----    ----
   BIT SIZE         =   ----    ----
END OF MODULE INFORMATION.


C51 COMPILATION COMPLETE.  0 WARNING(S),  0 ERROR(S)
