C51 COMPILER V9.56.0.0   MAIN                                                              04/09/2017 21:42:20 PAGE 1   


C51 COMPILER V9.56.0.0, COMPILATION OF MODULE MAIN
OBJECT MODULE PLACED IN .\Objects\main.obj
COMPILER INVOKED BY: D:\Program Files (x86)\MDK5\C51\BIN\C51.EXE main.c OPTIMIZE(8,SPEED) BROWSE DEBUG OBJECTEXTEND PRIN
                    -T(.\Listings\main.lst) TABS(2) OBJECT(.\Objects\main.obj)

line level    source

   1          #include "usart.h"
   2          
   3          //  u8 *p=NULL;
   4          u8 xdata q[]="a300FF\r\n";  //设备号 00
   5          u8 xdata event[14];   
   6          u8 xdata form[7];  //自己上行的路由表
   7          code unsigned char event_zw[14]={0xF3,'a','3','a','3',0xF3,6,0xF6,0xF6,0xF6,0xF6,0xF6,0xFC,0};//组网申请指
             -令
   8          
   9          bit zw_success;   //组网成功指令
  10          unsigned char count;      //0.5ms次数标识
  11          sbit pwm =P1^1 ;          //PWM信号输出
  12          unsigned char jd;         //角度标识
  13          WORD value;
  14          bit flag_back ;  //是否有未处理的信息
  15          
  16          void PCA_init();
  17          #define THz (FOSC/12/4000) 
  18          
  19          void main()
  20          {
  21   1        flag_back = 0; 
  22   1        START:
  23   1        USART_Init(); 
  24   1        event[14]=0;  form[7]=0;  jd=5;
  25   1        PCA_init();  //输出初始化
  26   1         
  27   1       
  28   1        //strcpy(event,event_zw);   
  29   1        if (sendCommand(event_zw, "a3FF") == Success);
  30   1        else goto START;  //重启
  31   1        //  delay_ms(10);                             
  32   1        while(counter1<300)  //等待1分钟
  33   1        {  
  34   2          if(KIND==4){ 
  35   3            if(point2>11&&Rec_Buf[point2-12]==0xf4){
  36   4                if(Rec_Buf[point2-12+3]=='a'&&Rec_Buf[point2-12+4]=='3'\
  37   5                  &&(Rec_Buf[point2-12+6]==12||Rec_Buf[point2-12+Rec_Buf[point2-12+6]]==0xf6)){   //受到总机发送的组网
             -同意指令
  38   5                    Rec_Buf[point2]=0;
  39   5                    strcpy(form,Rec_Buf+point2-12+6);   //取出路由表
  40   5                    q[2]=Rec_Buf[point2-12+1];
  41   5                    q[3]=Rec_Buf[point2-12+2];
  42   5                    CLR_Buf();
  43   5                    SendString(q+2);     //返回标识  设备号+FF
  44   5                    zw_success=1;       //组网成功
  45   5                    TR0 = 0;   //指示灯不再闪
  46   5                    LED = 1;   break;
  47   5                } 
  48   4            } 
  49   3          }  
  50   2        } 
  51   1        if(zw_success==0) goto START;  //重启           
  52   1      
C51 COMPILER V9.56.0.0   MAIN                                                              04/09/2017 21:42:20 PAGE 2   

  53   1        if(flag_back!=0){
  54   2          if (sendCommand(event, "a3FF") == Success);
  55   2           else goto START;  //重启
  56   2          flag_back = 0;
  57   2          CLR_Buf();
  58   2        }  
  59   1           while(1)
  60   1        {
  61   2          switch(KIND){
  62   3            case 2:  //收到下行指令
  63   3      //      if(zw_success==0) break;
  64   3              if(point2>11&&Rec_Buf[point2-12]==0xf2\
  65   4                  &&(Rec_Buf[point2-12+6]==12||Rec_Buf[point2-12+Rec_Buf[point2-12+6]]==0xf6)){
  66   4                  if(Rec_Buf[point2-12+3]=='a'&&Rec_Buf[point2-12+4]=='3'&&Rec_Buf[point2-12+5]==1){
  67   5                    CLR_Buf();
  68   5                    q[2]=Rec_Buf[point2-12+1];
  69   5                    q[3]=Rec_Buf[point2-12+2];
  70   5                    SendString(q+2);  //返回标识  设备号+FF
  71   5                    jd=13;
  72   5                }       
  73   4              }     
  74   3            KIND = 0;
  75   3            break;  
  76   3              
  77   3            case 4:  //收到组网下行指令
  78   3          
  79   3            if(point2>11&&Rec_Buf[point2-12]==0xf4\
  80   4                &&(Rec_Buf[point2-12+6]==12||Rec_Buf[point2-12+Rec_Buf[point2-12+6]]==0xf6)){
  81   4                if(Rec_Buf[point2-12+3]=='a'&&Rec_Buf[point2-12+4]=='3'){      //受到总机发送的组网同意指令
  82   5                    Rec_Buf[point2]=0;
  83   5                    strcpy(form,Rec_Buf+point2-12+6);   //取出路由表
  84   5                    q[2]=Rec_Buf[point2-12+1];
  85   5                    q[3]=Rec_Buf[point2-12+2];
  86   5                    SendString(q+2);     //返回标识  设备号+FF
  87   5                    zw_success=1;       //组网成功
  88   5                    TR0 = 0;   //指示灯不再闪
  89   5                    LED = 1;
  90   5                } 
  91   4            } 
  92   3          
  93   3            KIND = 0;
  94   3            break;  
  95   3            
  96   3            case 5:  //测试指令
  97   3      //    if(zw_success==0) break;
  98   3              
  99   3            KIND = 0;
 100   3            break;  
 101   3          }
 102   2          if(jd==13){ 
 103   3            delay_ms(5000); 
 104   3            jd=5;
 105   3            strcpy(event,event_zw); 
 106   3            event[5] = 1;     //有人开锁
 107   3            event[6] = 0;
 108   3            strcat(event,form);  //粘贴进去路由表
 109   3            event[6]--;
 110   3            
 111   3            event[12] = 0xfe;
 112   3            event[0] = 0xf1;       //转换成上行指令
 113   3            
 114   3            if (sendCommand(event, "a3FF") == Success);
C51 COMPILER V9.56.0.0   MAIN                                                              04/09/2017 21:42:20 PAGE 3   

 115   3            else { 
 116   4               flag_back=1;
 117   4               goto START; 
 118   4            }
 119   3            CLR_Buf();
 120   3          }
 121   2        }
 122   1      }
 123          void PCA_isr() interrupt 7 using 2  //????,?????????,???using
 124          {
 125   1        CCF0=0;
 126   1        CCAP0L=value;
 127   1        CCAP0H=value>>8;
 128   1        value += THz;
 129   1          if(count< jd)
 130   1              pwm=1;
 131   1          else
 132   1              pwm=0;
 133   1          count++;
 134   1          if(count==80) count=0;
 135   1      }
 136          
 137          void PCA_init()     //??????????P805?
 138          {
 139   1        CCON=0;
 140   1      
 141   1        CL=0;
 142   1        CH=0;
 143   1        CMOD=0x00;
 144   1      
 145   1        value=THz;                  //??
 146   1        CCAP0L=value;
 147   1        CCAP0H=value>>8;
 148   1        value+=THz;
 149   1        CCAPM0=0x49;
 150   1        
 151   1        CR=1;
 152   1        EA=1;
 153   1      }


MODULE INFORMATION:   STATIC OVERLAYABLE
   CODE SIZE        =    867    ----
   CONSTANT SIZE    =     19    ----
   XDATA SIZE       =     30    ----
   PDATA SIZE       =   ----    ----
   DATA SIZE        =      4    ----
   IDATA SIZE       =   ----    ----
   BIT SIZE         =      2    ----
END OF MODULE INFORMATION.


C51 COMPILATION COMPLETE.  0 WARNING(S),  0 ERROR(S)
